0 info it worked if it ends with ok
1 verbose cli [ 'D:\\nodejs\\node.exe',
1 verbose cli   'D:\\nodejs\\node_modules\\npm\\bin\\npm-cli.js',
1 verbose cli   'run',
1 verbose cli   'site' ]
2 info using npm@4.1.2
3 info using node@v7.6.0
4 verbose run-script [ 'presite', 'site', 'postsite' ]
5 info lifecycle chimera@1.0.0~presite: chimera@1.0.0
6 silly lifecycle chimera@1.0.0~presite: no script for presite, continuing
7 info lifecycle chimera@1.0.0~site: chimera@1.0.0
8 verbose lifecycle chimera@1.0.0~site: unsafe-perm in lifecycle true
9 verbose lifecycle chimera@1.0.0~site: PATH: D:\nodejs\node_modules\npm\bin\node-gyp-bin;C:\Users\fg\Desktop\chimera-ui\node_modules\.bin;C:\Windows\system32;C:\Windows;C:\Windows\System32\Wbem;C:\Windows\System32\WindowsPowerShell\v1.0\;D:\Python27;D:\nodejs\;C:\Program Files\TortoiseSVN\bin;D:\PuTTy\;C:\Users\fg\AppData\Roaming\npm;D:\Microsoft VS Code\bin;C:\Users\fg\AppData\Local\GitHubDesktop\bin
10 verbose lifecycle chimera@1.0.0~site: CWD: C:\Users\fg\Desktop\chimera-ui
11 silly lifecycle chimera@1.0.0~site: Args: [ '/d /s /c', 'cd ./site/config && node dev.server' ]
12 silly lifecycle chimera@1.0.0~site: Returned: code: 1  signal: null
13 info lifecycle chimera@1.0.0~site: Failed to exec site script
14 verbose stack Error: chimera@1.0.0 site: `cd ./site/config && node dev.server`
14 verbose stack Exit status 1
14 verbose stack     at EventEmitter.<anonymous> (D:\nodejs\node_modules\npm\lib\utils\lifecycle.js:279:16)
14 verbose stack     at emitTwo (events.js:106:13)
14 verbose stack     at EventEmitter.emit (events.js:192:7)
14 verbose stack     at ChildProcess.<anonymous> (D:\nodejs\node_modules\npm\lib\utils\spawn.js:40:14)
14 verbose stack     at emitTwo (events.js:106:13)
14 verbose stack     at ChildProcess.emit (events.js:192:7)
14 verbose stack     at maybeClose (internal/child_process.js:890:16)
14 verbose stack     at Process.ChildProcess._handle.onexit (internal/child_process.js:226:5)
15 verbose pkgid chimera@1.0.0
16 verbose cwd C:\Users\fg\Desktop\chimera-ui
17 error Windows_NT 6.1.7601
18 error argv "D:\\nodejs\\node.exe" "D:\\nodejs\\node_modules\\npm\\bin\\npm-cli.js" "run" "site"
19 error node v7.6.0
20 error npm  v4.1.2
21 error code ELIFECYCLE
22 error chimera@1.0.0 site: `cd ./site/config && node dev.server`
22 error Exit status 1
23 error Failed at the chimera@1.0.0 site script 'cd ./site/config && node dev.server'.
23 error Make sure you have the latest version of node.js and npm installed.
23 error If you do, this is most likely a problem with the chimera package,
23 error not with npm itself.
23 error Tell the author that this fails on your system:
23 error     cd ./site/config && node dev.server
23 error You can get information on how to open an issue for this project with:
23 error     npm bugs chimera
23 error Or if that isn't available, you can get their info via:
23 error     npm owner ls chimera
23 error There is likely additional logging output above.
24 verbose exit [ 1, true ]
